0 info it worked if it ends with ok
1 verbose cli [ 'C:\\Program Files (x86)\\nodejs\\node.exe',
1 verbose cli   'C:\\Program Files (x86)\\nodejs\\node_modules\\npm\\bin\\npm-cli.js',
1 verbose cli   'install',
1 verbose cli   'particle.io' ]
2 info using npm@2.14.4
3 info using node@v4.1.2
4 verbose install initial load of C:\Users\Libby\game_apps\step-money\package.json
5 verbose installManyTop reading scoped package data from C:\Users\Libby\game_apps\step-money\node_modules\grunt\package.json
6 verbose installManyTop reading scoped package data from C:\Users\Libby\game_apps\step-money\node_modules\grunt-contrib-concat\package.json
7 verbose installManyTop reading scoped package data from C:\Users\Libby\game_apps\step-money\node_modules\grunt-contrib-connect\package.json
8 verbose installManyTop reading scoped package data from C:\Users\Libby\game_apps\step-money\node_modules\grunt-contrib-watch\package.json
9 verbose installManyTop reading scoped package data from C:\Users\Libby\game_apps\step-money\node_modules\grunt-open\package.json
10 verbose installManyTop reading scoped package data from C:\Users\Libby\game_apps\step-money\node_modules\johnny-five\package.json
11 info package.json grunt@0.4.5 No license field.
12 info package.json grunt-contrib-connect@0.6.0 No license field.
13 info package.json grunt-contrib-watch@0.5.3 No license field.
14 info package.json grunt-contrib-concat@0.3.0 No license field.
15 info package.json grunt-open@0.2.3 No license field.
16 verbose readDependencies loading dependencies from C:\Users\Libby\game_apps\step-money\package.json
17 silly cache add args [ 'particle.io', null ]
18 verbose cache add spec particle.io
19 silly cache add parsed spec Result {
19 silly cache add   raw: 'particle.io',
19 silly cache add   scope: null,
19 silly cache add   name: 'particle.io',
19 silly cache add   rawSpec: '',
19 silly cache add   spec: '*',
19 silly cache add   type: 'range' }
20 silly addNamed particle.io@*
21 verbose addNamed "*" is a valid semver range for particle.io
22 silly addNameRange { name: 'particle.io', range: '*', hasData: false }
23 silly mapToRegistry name particle.io
24 silly mapToRegistry using default registry
25 silly mapToRegistry registry https://registry.npmjs.org/
26 silly mapToRegistry uri https://registry.npmjs.org/particle.io
27 verbose addNameRange registry:https://registry.npmjs.org/particle.io not in flight; fetching
28 verbose request uri https://registry.npmjs.org/particle.io
29 verbose request no auth needed
30 info attempt registry request try #1 at 9:08:25 PM
31 verbose request id 4417f53ae6e6914f
32 http request GET https://registry.npmjs.org/particle.io
33 http 404 https://registry.npmjs.org/particle.io
34 verbose headers { 'content-type': 'application/json',
34 verbose headers   'cache-control': 'max-age=0',
34 verbose headers   'content-length': '2',
34 verbose headers   'accept-ranges': 'bytes',
34 verbose headers   date: 'Sat, 05 Mar 2016 21:08:17 GMT',
34 verbose headers   via: '1.1 varnish',
34 verbose headers   age: '0',
34 verbose headers   connection: 'keep-alive',
34 verbose headers   'x-served-by': 'cache-lcy1131-LCY',
34 verbose headers   'x-cache': 'MISS',
34 verbose headers   'x-cache-hits': '0',
34 verbose headers   'x-timer': 'S1457212097.026836,VS0,VE154' }
35 silly get cb [ 404,
35 silly get   { 'content-type': 'application/json',
35 silly get     'cache-control': 'max-age=0',
35 silly get     'content-length': '2',
35 silly get     'accept-ranges': 'bytes',
35 silly get     date: 'Sat, 05 Mar 2016 21:08:17 GMT',
35 silly get     via: '1.1 varnish',
35 silly get     age: '0',
35 silly get     connection: 'keep-alive',
35 silly get     'x-served-by': 'cache-lcy1131-LCY',
35 silly get     'x-cache': 'MISS',
35 silly get     'x-cache-hits': '0',
35 silly get     'x-timer': 'S1457212097.026836,VS0,VE154' } ]
36 verbose stack Error: Registry returned 404 for GET on https://registry.npmjs.org/particle.io
36 verbose stack     at makeError (C:\Program Files (x86)\nodejs\node_modules\npm\node_modules\npm-registry-client\lib\request.js:263:12)
36 verbose stack     at CachingRegistryClient.<anonymous> (C:\Program Files (x86)\nodejs\node_modules\npm\node_modules\npm-registry-client\lib\request.js:241:14)
36 verbose stack     at Request._callback (C:\Program Files (x86)\nodejs\node_modules\npm\node_modules\npm-registry-client\lib\request.js:171:14)
36 verbose stack     at Request.self.callback (C:\Program Files (x86)\nodejs\node_modules\npm\node_modules\request\request.js:198:22)
36 verbose stack     at emitTwo (events.js:87:13)
36 verbose stack     at Request.emit (events.js:172:7)
36 verbose stack     at Request.<anonymous> (C:\Program Files (x86)\nodejs\node_modules\npm\node_modules\request\request.js:1073:14)
36 verbose stack     at emitOne (events.js:82:20)
36 verbose stack     at Request.emit (events.js:169:7)
36 verbose stack     at IncomingMessage.<anonymous> (C:\Program Files (x86)\nodejs\node_modules\npm\node_modules\request\request.js:1019:12)
37 verbose statusCode 404
38 verbose pkgid particle.io
39 verbose cwd C:\Users\Libby\game_apps\step-money
40 error Windows_NT 10.0.10586
41 error argv "C:\\Program Files (x86)\\nodejs\\node.exe" "C:\\Program Files (x86)\\nodejs\\node_modules\\npm\\bin\\npm-cli.js" "install" "particle.io"
42 error node v4.1.2
43 error npm  v2.14.4
44 error code E404
45 error 404 Registry returned 404 for GET on https://registry.npmjs.org/particle.io
45 error 404
45 error 404 'particle.io' is not in the npm registry.
45 error 404 You should bug the author to publish it (or use the name yourself!)
45 error 404 It was specified as a dependency of 'game'
45 error 404
45 error 404 Note that you can also install from a
45 error 404 tarball, folder, http url, or git url.
46 verbose exit [ 1, true ]
